CRITICAL - 2023-03-28 06:19:28 --> Undefined variable $last_line
in APPPATH\Views\python.php on line 10.
 1 APPPATH\Views\python.php(10): CodeIgniter\Debug\Exceptions->errorHandler(2, 'Undefined variable $last_line', 'APPPATH\\Views\\python.php', 10)
 2 SYSTEMPATH\View\View.php(213): include('APPPATH\\Views\\python.php')
 3 SYSTEMPATH\View\View.php(216): CodeIgniter\View\View->CodeIgniter\View\{closure}()
 4 SYSTEMPATH\Common.php(1184): CodeIgniter\View\View->render('python', [], true)
 5 APPPATH\Controllers\Python.php(23): view('python', [...])
 6 SYSTEMPATH\CodeIgniter.php(934): App\Controllers\Python->index()
 7 SYSTEMPATH\CodeIgniter.php(499): CodeIgniter\CodeIgniter->runController(Object(App\Controllers\Python))
 8 SYSTEMPATH\CodeIgniter.php(368): CodeIgniter\CodeIgniter->handleRequest(null, Object(Config\Cache), false)
 9 FCPATH\index.php(67): CodeIgniter\CodeIgniter->run()
10 SYSTEMPATH\Commands\Server\rewrite.php(47): require_once('FCPATH\\index.php')
CRITICAL - 2023-03-28 06:27:59 --> Array to string conversion
in APPPATH\Views\python.php on line 10.
 1 APPPATH\Views\python.php(10): CodeIgniter\Debug\Exceptions->errorHandler(2, 'Array to string conversion', 'APPPATH\\Views\\python.php', 10)
 2 SYSTEMPATH\View\View.php(213): include('APPPATH\\Views\\python.php')
 3 SYSTEMPATH\View\View.php(216): CodeIgniter\View\View->CodeIgniter\View\{closure}()
 4 SYSTEMPATH\Common.php(1184): CodeIgniter\View\View->render('python', [], true)
 5 APPPATH\Controllers\Python.php(23): view('python', [...])
 6 SYSTEMPATH\CodeIgniter.php(934): App\Controllers\Python->index()
 7 SYSTEMPATH\CodeIgniter.php(499): CodeIgniter\CodeIgniter->runController(Object(App\Controllers\Python))
 8 SYSTEMPATH\CodeIgniter.php(368): CodeIgniter\CodeIgniter->handleRequest(null, Object(Config\Cache), false)
 9 FCPATH\index.php(67): CodeIgniter\CodeIgniter->run()
10 SYSTEMPATH\Commands\Server\rewrite.php(47): require_once('FCPATH\\index.php')
CRITICAL - 2023-03-28 06:31:24 --> Undefined variable $output_array
in APPPATH\Views\python.php on line 10.
 1 APPPATH\Views\python.php(10): CodeIgniter\Debug\Exceptions->errorHandler(2, 'Undefined variable $output_array', 'APPPATH\\Views\\python.php', 10)
 2 SYSTEMPATH\View\View.php(213): include('APPPATH\\Views\\python.php')
 3 SYSTEMPATH\View\View.php(216): CodeIgniter\View\View->CodeIgniter\View\{closure}()
 4 SYSTEMPATH\Common.php(1184): CodeIgniter\View\View->render('python', [], true)
 5 APPPATH\Controllers\Python.php(23): view('python', [...])
 6 SYSTEMPATH\CodeIgniter.php(934): App\Controllers\Python->index()
 7 SYSTEMPATH\CodeIgniter.php(499): CodeIgniter\CodeIgniter->runController(Object(App\Controllers\Python))
 8 SYSTEMPATH\CodeIgniter.php(368): CodeIgniter\CodeIgniter->handleRequest(null, Object(Config\Cache), false)
 9 FCPATH\index.php(67): CodeIgniter\CodeIgniter->run()
10 SYSTEMPATH\Commands\Server\rewrite.php(47): require_once('FCPATH\\index.php')
CRITICAL - 2023-03-28 06:34:00 --> Undefined variable $last_line
in APPPATH\Views\python.php on line 10.
 1 APPPATH\Views\python.php(10): CodeIgniter\Debug\Exceptions->errorHandler(2, 'Undefined variable $last_line', 'APPPATH\\Views\\python.php', 10)
 2 SYSTEMPATH\View\View.php(213): include('APPPATH\\Views\\python.php')
 3 SYSTEMPATH\View\View.php(216): CodeIgniter\View\View->CodeIgniter\View\{closure}()
 4 SYSTEMPATH\Common.php(1184): CodeIgniter\View\View->render('python', [], true)
 5 APPPATH\Controllers\Python.php(28): view('python', [...])
 6 SYSTEMPATH\CodeIgniter.php(934): App\Controllers\Python->index()
 7 SYSTEMPATH\CodeIgniter.php(499): CodeIgniter\CodeIgniter->runController(Object(App\Controllers\Python))
 8 SYSTEMPATH\CodeIgniter.php(368): CodeIgniter\CodeIgniter->handleRequest(null, Object(Config\Cache), false)
 9 FCPATH\index.php(67): CodeIgniter\CodeIgniter->run()
10 SYSTEMPATH\Commands\Server\rewrite.php(47): require_once('FCPATH\\index.php')
CRITICAL - 2023-03-28 06:34:28 --> Undefined variable $output_array
in APPPATH\Views\python.php on line 10.
 1 APPPATH\Views\python.php(10): CodeIgniter\Debug\Exceptions->errorHandler(2, 'Undefined variable $output_array', 'APPPATH\\Views\\python.php', 10)
 2 SYSTEMPATH\View\View.php(213): include('APPPATH\\Views\\python.php')
 3 SYSTEMPATH\View\View.php(216): CodeIgniter\View\View->CodeIgniter\View\{closure}()
 4 SYSTEMPATH\Common.php(1184): CodeIgniter\View\View->render('python', [], true)
 5 APPPATH\Controllers\Python.php(28): view('python', [...])
 6 SYSTEMPATH\CodeIgniter.php(934): App\Controllers\Python->index()
 7 SYSTEMPATH\CodeIgniter.php(499): CodeIgniter\CodeIgniter->runController(Object(App\Controllers\Python))
 8 SYSTEMPATH\CodeIgniter.php(368): CodeIgniter\CodeIgniter->handleRequest(null, Object(Config\Cache), false)
 9 FCPATH\index.php(67): CodeIgniter\CodeIgniter->run()
10 SYSTEMPATH\Commands\Server\rewrite.php(47): require_once('FCPATH\\index.php')
CRITICAL - 2023-03-28 06:37:48 --> Undefined variable $output_array
in APPPATH\Views\python.php on line 10.
 1 APPPATH\Views\python.php(10): CodeIgniter\Debug\Exceptions->errorHandler(2, 'Undefined variable $output_array', 'APPPATH\\Views\\python.php', 10)
 2 SYSTEMPATH\View\View.php(213): include('APPPATH\\Views\\python.php')
 3 SYSTEMPATH\View\View.php(216): CodeIgniter\View\View->CodeIgniter\View\{closure}()
 4 SYSTEMPATH\Common.php(1184): CodeIgniter\View\View->render('python', [], true)
 5 APPPATH\Controllers\Python.php(30): view('python', [...])
 6 SYSTEMPATH\CodeIgniter.php(934): App\Controllers\Python->index()
 7 SYSTEMPATH\CodeIgniter.php(499): CodeIgniter\CodeIgniter->runController(Object(App\Controllers\Python))
 8 SYSTEMPATH\CodeIgniter.php(368): CodeIgniter\CodeIgniter->handleRequest(null, Object(Config\Cache), false)
 9 FCPATH\index.php(67): CodeIgniter\CodeIgniter->run()
10 SYSTEMPATH\Commands\Server\rewrite.php(47): require_once('FCPATH\\index.php')
CRITICAL - 2023-03-28 06:38:37 --> Call to undefined function vardump()
in APPPATH\Views\python.php on line 10.
 1 SYSTEMPATH\View\View.php(213): include()
 2 SYSTEMPATH\View\View.php(216): CodeIgniter\View\View->CodeIgniter\View\{closure}()
 3 SYSTEMPATH\Common.php(1184): CodeIgniter\View\View->render('python', [], true)
 4 APPPATH\Controllers\Python.php(30): view('python', [...])
 5 SYSTEMPATH\CodeIgniter.php(934): App\Controllers\Python->index()
 6 SYSTEMPATH\CodeIgniter.php(499): CodeIgniter\CodeIgniter->runController(Object(App\Controllers\Python))
 7 SYSTEMPATH\CodeIgniter.php(368): CodeIgniter\CodeIgniter->handleRequest(null, Object(Config\Cache), false)
 8 FCPATH\index.php(67): CodeIgniter\CodeIgniter->run()
 9 SYSTEMPATH\Commands\Server\rewrite.php(47): require_once('FCPATH\\index.php')
CRITICAL - 2023-03-28 06:45:15 --> Undefined variable $last_line
in APPPATH\Views\python.php on line 10.
 1 APPPATH\Views\python.php(10): CodeIgniter\Debug\Exceptions->errorHandler(2, 'Undefined variable $last_line', 'APPPATH\\Views\\python.php', 10)
 2 SYSTEMPATH\View\View.php(213): include('APPPATH\\Views\\python.php')
 3 SYSTEMPATH\View\View.php(216): CodeIgniter\View\View->CodeIgniter\View\{closure}()
 4 SYSTEMPATH\Common.php(1184): CodeIgniter\View\View->render('python', [], true)
 5 APPPATH\Controllers\Python.php(28): view('python', [...])
 6 SYSTEMPATH\CodeIgniter.php(934): App\Controllers\Python->index()
 7 SYSTEMPATH\CodeIgniter.php(499): CodeIgniter\CodeIgniter->runController(Object(App\Controllers\Python))
 8 SYSTEMPATH\CodeIgniter.php(368): CodeIgniter\CodeIgniter->handleRequest(null, Object(Config\Cache), false)
 9 FCPATH\index.php(67): CodeIgniter\CodeIgniter->run()
10 SYSTEMPATH\Commands\Server\rewrite.php(47): require_once('FCPATH\\index.php')
