CRITICAL - 2023-03-08 02:20:15 --> Attempt to read property "id" on array
in APPPATH\Views\index.php on line 96.
 1 APPPATH\Views\index.php(96): CodeIgniter\Debug\Exceptions->errorHandler(2, 'Attempt to read property "id" on array', 'APPPATH\\Views\\index.php', 96)
 2 SYSTEMPATH\View\View.php(213): include('APPPATH\\Views\\index.php')
 3 SYSTEMPATH\View\View.php(216): CodeIgniter\View\View->CodeIgniter\View\{closure}()
 4 SYSTEMPATH\Common.php(1184): CodeIgniter\View\View->render('index', [], true)
 5 APPPATH\Controllers\Home.php(20): view('index', [...])
 6 SYSTEMPATH\CodeIgniter.php(934): App\Controllers\Home->index()
 7 SYSTEMPATH\CodeIgniter.php(499): CodeIgniter\CodeIgniter->runController(Object(App\Controllers\Home))
 8 SYSTEMPATH\CodeIgniter.php(368): CodeIgniter\CodeIgniter->handleRequest(null, Object(Config\Cache), false)
 9 FCPATH\index.php(67): CodeIgniter\CodeIgniter->run()
10 SYSTEMPATH\Commands\Server\rewrite.php(47): require_once('FCPATH\\index.php')
CRITICAL - 2023-03-08 06:48:12 --> Unclosed '{' on line 10
in APPPATH\Controllers\TempController.php on line 48.
 1 SYSTEMPATH\Autoloader\Autoloader.php(289): CodeIgniter\Autoloader\Autoloader->includeFile('APPPATH\\Controllers\\TempController.php')
 2 SYSTEMPATH\Autoloader\Autoloader.php(267): CodeIgniter\Autoloader\Autoloader->loadInNamespace('App\\Controllers\\TempController')
 3 [internal function]: CodeIgniter\Autoloader\Autoloader->loadClass('App\\Controllers\\TempController')
 4 SYSTEMPATH\CodeIgniter.php(892): class_exists('\\App\\Controllers\\TempController', true)
 5 SYSTEMPATH\CodeIgniter.php(486): CodeIgniter\CodeIgniter->startController()
 6 SYSTEMPATH\CodeIgniter.php(368): CodeIgniter\CodeIgniter->handleRequest(null, Object(Config\Cache), false)
 7 FCPATH\index.php(67): CodeIgniter\CodeIgniter->run()
 8 SYSTEMPATH\Commands\Server\rewrite.php(47): require_once('FCPATH\\index.php')
ERROR - 2023-03-08 06:53:22 --> Email: sendWithSmtp throwed ErrorException: fsockopen(): SSL operation failed with code 1. OpenSSL Error messages:
error:1408F10B:SSL routines:ssl3_get_record:wrong version number in F:\XAMPP\htdocs\suhu\system\Email\Email.php:1868
Stack trace:
#0 [internal function]: CodeIgniter\Debug\Exceptions->errorHandler(2, 'fsockopen(): SS...', 'F:\\XAMPP\\htdocs...', 1868)
#1 F:\XAMPP\htdocs\suhu\system\Email\Email.php(1868): fsockopen('ssl://smtp.goog...', 587, NULL, NULL, 60)
#2 F:\XAMPP\htdocs\suhu\system\Email\Email.php(1782): CodeIgniter\Email\Email->SMTPConnect()
#3 F:\XAMPP\htdocs\suhu\system\Email\Email.php(1667): CodeIgniter\Email\Email->sendWithSmtp()
#4 F:\XAMPP\htdocs\suhu\system\Email\Email.php(1565): CodeIgniter\Email\Email->spoolEmail()
#5 F:\XAMPP\htdocs\suhu\app\Controllers\Home.php(46): CodeIgniter\Email\Email->send()
#6 F:\XAMPP\htdocs\suhu\app\Controllers\Home.php(13): App\Controllers\Home->checkTemp()
#7 F:\XAMPP\htdocs\suhu\system\CodeIgniter.php(906): App\Controllers\Home->__construct()
#8 F:\XAMPP\htdocs\suhu\system\CodeIgniter.php(490): CodeIgniter\CodeIgniter->createController()
#9 F:\XAMPP\htdocs\suhu\system\CodeIgniter.php(368): CodeIgniter\CodeIgniter->handleRequest(NULL, Object(Config\Cache), false)
#10 F:\XAMPP\htdocs\suhu\public\index.php(67): CodeIgniter\CodeIgniter->run()
#11 F:\XAMPP\htdocs\suhu\system\Commands\Server\rewrite.php(47): require_once('F:\\XAMPP\\htdocs...')
#12 {main}
ERROR - 2023-03-08 06:53:22 --> Email: Unable to send email using SMTP. Your server might not be configured to send mail using this method.
ERROR - 2023-03-08 06:53:22 --> 
