CRITICAL - 2023-03-21 03:38:08 --> Attempt to read property "date" on array
in APPPATH\Views\print.php on line 134.
 1 APPPATH\Views\print.php(134): CodeIgniter\Debug\Exceptions->errorHandler(2, 'Attempt to read property "date" on array', 'APPPATH\\Views\\print.php', 134)
 2 SYSTEMPATH\View\View.php(213): include('APPPATH\\Views\\print.php')
 3 SYSTEMPATH\View\View.php(216): CodeIgniter\View\View->CodeIgniter\View\{closure}()
 4 SYSTEMPATH\Common.php(1184): CodeIgniter\View\View->render('print', [], true)
 5 APPPATH\Controllers\Report.php(24): view('print', [...])
 6 SYSTEMPATH\CodeIgniter.php(934): App\Controllers\Report->index()
 7 SYSTEMPATH\CodeIgniter.php(499): CodeIgniter\CodeIgniter->runController(Object(App\Controllers\Report))
 8 SYSTEMPATH\CodeIgniter.php(368): CodeIgniter\CodeIgniter->handleRequest(null, Object(Config\Cache), false)
 9 FCPATH\index.php(67): CodeIgniter\CodeIgniter->run()
10 SYSTEMPATH\Commands\Server\rewrite.php(47): require_once('FCPATH\\index.php')
CRITICAL - 2023-03-21 03:45:15 --> Cannot use object of type stdClass as array
in APPPATH\Views\print2.php on line 134.
 1 SYSTEMPATH\View\View.php(213): include()
 2 SYSTEMPATH\View\View.php(216): CodeIgniter\View\View->CodeIgniter\View\{closure}()
 3 SYSTEMPATH\Common.php(1184): CodeIgniter\View\View->render('print2', [], true)
 4 APPPATH\Controllers\Report.php(40): view('print2', [...])
 5 SYSTEMPATH\CodeIgniter.php(934): App\Controllers\Report->generate()
 6 SYSTEMPATH\CodeIgniter.php(499): CodeIgniter\CodeIgniter->runController(Object(App\Controllers\Report))
 7 SYSTEMPATH\CodeIgniter.php(368): CodeIgniter\CodeIgniter->handleRequest(null, Object(Config\Cache), false)
 8 FCPATH\index.php(67): CodeIgniter\CodeIgniter->run()
 9 SYSTEMPATH\Commands\Server\rewrite.php(47): require_once('FCPATH\\index.php')
